make[1]: Entering directory '/home/steven/src2/apr-util-1.5.4'
make[1]: Nothing to be done for 'local-all'.
make[1]: Leaving directory '/home/steven/src2/apr-util-1.5.4'
/home/steven/dest2/apr/build-1/mkdir.sh /home/steven/dest2/apr-util/include/apr-1 /home/steven/dest2/apr-util/lib/pkgconfig \
	     /home/steven/dest2/apr-util/lib /home/steven/dest2/apr-util/bin
mkdir /home/steven/dest2/apr-util
mkdir /home/steven/dest2/apr-util/include
mkdir /home/steven/dest2/apr-util/include/apr-1
mkdir /home/steven/dest2/apr-util/lib
mkdir /home/steven/dest2/apr-util/lib/pkgconfig
mkdir /home/steven/dest2/apr-util/bin
for f in /home/steven/src2/apr-util-1.5.4/include/*.h /home/steven/src2/apr-util-1.5.4/include/*.h; do \
	/usr/bin/install -c -m 644 ${f} /home/steven/dest2/apr-util/include/apr-1; \
done
/usr/bin/install -c -m 644 apr-util.pc /home/steven/dest2/apr-util/lib/pkgconfig/apr-util-1.pc
list=''; for i in $list; do \
	( cd $i ; make DESTDIR= install ); \
done
/bin/bash /home/steven/dest2/apr/build-1/libtool --mode=install /usr/bin/install -c -m 755 libaprutil-1.la /home/steven/dest2/apr-util/lib
libtool: install: /usr/bin/install -c -m 755 .libs/libaprutil-1.so.0.5.4 /home/steven/dest2/apr-util/lib/libaprutil-1.so.0.5.4
libtool: install: (cd /home/steven/dest2/apr-util/lib && { ln -s -f libaprutil-1.so.0.5.4 libaprutil-1.so.0 || { rm -f libaprutil-1.so.0 && ln -s libaprutil-1.so.0.5.4 libaprutil-1.so.0; }; })
libtool: install: (cd /home/steven/dest2/apr-util/lib && { ln -s -f libaprutil-1.so.0.5.4 libaprutil-1.so || { rm -f libaprutil-1.so && ln -s libaprutil-1.so.0.5.4 libaprutil-1.so; }; })
libtool: install: /usr/bin/install -c -m 755 .libs/libaprutil-1.lai /home/steven/dest2/apr-util/lib/libaprutil-1.la
libtool: install: /usr/bin/install -c -m 755 .libs/libaprutil-1.a /home/steven/dest2/apr-util/lib/libaprutil-1.a
libtool: install: chmod 644 /home/steven/dest2/apr-util/lib/libaprutil-1.a
libtool: install: ranlib /home/steven/dest2/apr-util/lib/libaprutil-1.a
libtool: finish: PATH="/usr/local/sbin:/usr/local/bin:/usr/sbin:/usr/bin:/sbin:/bin:/snap/bin:/sbin" ldconfig -n /home/steven/dest2/apr-util/lib
----------------------------------------------------------------------
Libraries have been installed in:
   /home/steven/dest2/apr-util/lib

If you ever happen to want to link against installed libraries
in a given directory, LIBDIR, you must either use libtool, and
specify the full pathname of the library, or use the `-LLIBDIR'
flag during linking and do at least one of the following:
   - add LIBDIR to the `LD_LIBRARY_PATH' environment variable
     during execution
   - add LIBDIR to the `LD_RUN_PATH' environment variable
     during linking
   - use the `-Wl,-rpath -Wl,LIBDIR' linker flag
   - have your system administrator add LIBDIR to `/etc/ld.so.conf'

See any operating system documentation about shared libraries for
more information, such as the ld(1) and ld.so(8) manual pages.
----------------------------------------------------------------------
/usr/bin/install -c -m 644 aprutil.exp /home/steven/dest2/apr-util/lib
/usr/bin/install -c -m 755 apu-config.out /home/steven/dest2/apr-util/bin/apu-1-config
